This is pdfTeX, Version 3.14159265-2.6-1.40.20 (TeX Live 2019/Debian) (preloaded format=pdflatex 2022.2.25)  10 JUN 2022 15:16
entering extended mode
 restricted \write18 enabled.
 file:line:error style messages enabled.
 %&-line parsing enabled.
**CE_accretors.tex
(./CE_accretors.tex
LaTeX2e <2020-02-02> patch level 2
L3 programming layer <2020-02-14>
(/usr/share/texlive/texmf-dist/tex/latex/aastex/aastex63.cls
Document Class: aastex63 2019/06/03 Version 6.3/AAS markup document class
Class aastex Info: 
 
 Original \LaTeX2.09 style by Chris Biemesderfer (chris@seagoat.com). 
 Adapted to \LaTeXe by A. Ogawa (ogawa@teleport.com)
 emulateapj.cls included, Copyright 2000-2015 Alexey Vikhlinin 
 Rewrite and update of emulateapj.cls, revised and enhanced with table macros, 
gridlines, draft watermark,
 track changes, new `modern' style and much more, by Amy Hendrickson,
 (amyh@texnology.com, http://www.texnology.com) 
 
  on input line 104.
\bibbaselineskip=\skip47
(/usr/share/texlive/texmf-dist/tex/latex/revtex/revtex4-1.cls
Document Class: revtex4-1 2010/07/25/20:33:00 4.1r (http://publish.aps.org/revt
ex4/ for documentation)
 Copyright (c) 2009 The American Physical Society.
 mailto:revtex@aps.org
 Licensed under the LPPL:
http://www.ctan.org/tex-archive/macros/latex/base/lppl.txt
 Arthur Ogawa <arthur_ogawa at sbcglobal dot net>
 Based on work by David Carlisle <david at dcarlisle.demon.co.uk>.
ltxutil[2010/07/25/20:33:00 4.1r utilities package (portions licensed from W. E
. Baxter web at superscript.com)]
LaTeX Info: Redefining \@centercr on input line 308.
Class revtex4-1 Info: Repairing broken LaTeX eqnarray on input line 358.
\eqncolsep=\skip48
Class revtex4-1 Info: Repairing hyperref-unfriendly LaTeX definition of \mpfoot
note on input line 433.
Class revtex4-1 Info: Repairing broken LateX \@sect on input line 755.
\intertabularlinepenalty=\count167
\@tbpen=\count168
\@arstrutbox@hline=\box45
Class revtex4-1 Info: Repairing broken LaTeX \@xbitor on input line 1786.
Class revtex4-1 Info: Making \typeout \long on input line 2046.
ltxfront[2010/07/25/20:33:00 4.1r frontmatter package (AO,DPC)]
\c@affil=\count169
\c@collab=\count170
\absbox=\box46
ltxgrid[2010/07/25/20:33:00 4.1r page grid package (portions licensed from W. E
. Baxter web at superscript.com)]
\c@linecount=\count171
\output@latex=\toks14
\box@size@1=\box47
\box@size@2=\box48
\@protection@box=\box49
\@topmark@saved=\toks15
\footins@saved=\box50
\footins@recovered=\box51
\column@recovered=\box52
\pagesofar=\box53
\footsofar=\box54
\pagegrid@col=\count172

Class revtex4-1 Warning: Failed to recognize \@vspace, \@vspacer, \@no@pgbk, \@
newline, and \\; no patches applied. Please get a more up-to-date class, .

\c@part=\count173
\c@section=\count174
\c@subsection=\count175
\c@subsubsection=\count176
\c@paragraph=\count177
\c@subparagraph=\count178
\abovecaptionskip=\skip49
\belowcaptionskip=\skip50
\c@figure=\count179
\fbox@1=\box55
\c@table=\count180
\fbox@2=\box56
\c@video=\count181
\fbox@4=\box57
\@bibdataout=\write3
\widetext@top=\box58
\widetext@bot=\box59
Class revtex4-1 Info: Selecting society aps on input line 7542.
(/usr/share/texlive/texmf-dist/tex/latex/revtex/aps4-1.rtx
File: aps4-1 2010/07/25/20:33:00 4.1r (http://publish.aps.org/revtex4/ for docu
mentation)
Class revtex4-1 Info: RevTeX society APS selected on input line 31.
)
Class revtex4-1 Info: Selecting journal pra on input line 7544.
Class revtex4-1 Info: APS journal PRA selected on input line 7545.

(/usr/share/texlive/texmf-dist/tex/latex/revtex/aps10pt4-1.rtx
File: aps10pt4-1 2010/07/25/20:33:00 4.1r (http://publish.aps.org/revtex4/ for 
documentation)
Class revtex4-1 Info: RevTeX pointsize 10pt selected on input line 30.
)
(/usr/share/texlive/texmf-dist/tex/latex/textcase/textcase.sty
Package: textcase 2019/09/14 v1.00 Text only upper/lower case changing (DPC)
)
(/usr/share/texlive/texmf-dist/tex/latex/url/url.sty
\Urlmuskip=\muskip16
Package: url 2013/09/16  ver 3.4  Verb mode for urls, etc.
)
(/usr/share/texlive/texmf-dist/tex/latex/natbib/natbib.sty
Package: natbib 2010/09/13 8.31b (PWD, AO)
\bibhang=\skip51
\bibsep=\skip52
LaTeX Info: Redefining \cite on input line 694.
\c@NAT@ctr=\count182
)
Class revtex4-1 Info: Repairing natbib's \BibitemShut on input line 7549.

(/usr/share/texlive/texmf-dist/tex/latex/revtex/revsymb4-1.sty
Package: revsymb4-1 2010/07/25/20:33:00 4.1r (http://publish.aps.org/revtex4/ f
or documentation)
LaTeX Info: Redefining \REV@mathfrak on input line 119.
))
(/usr/share/texlive/texmf-dist/tex/latex/base/latexsym.sty
Package: latexsym 1998/08/17 v2.2e Standard LaTeX package (lasy symbols)
\symlasy=\mathgroup4
LaTeX Font Info:    Overwriting symbol font `lasy' in version `bold'
(Font)                  U/lasy/m/n --> U/lasy/b/n on input line 52.
)
(/usr/share/texlive/texmf-dist/tex/latex/graphics/graphicx.sty
Package: graphicx 2019/11/30 v1.2a Enhanced LaTeX Graphics (DPC,SPQR)

(/usr/share/texlive/texmf-dist/tex/latex/graphics/keyval.sty
Package: keyval 2014/10/28 v1.15 key=value parser (DPC)
\KV@toks@=\toks16
)
(/usr/share/texlive/texmf-dist/tex/latex/graphics/graphics.sty
Package: graphics 2019/11/30 v1.4a Standard LaTeX Graphics (DPC,SPQR)

(/usr/share/texlive/texmf-dist/tex/latex/graphics/trig.sty
Package: trig 2016/01/03 v1.10 sin cos tan (DPC)
)
(/usr/share/texlive/texmf-dist/tex/latex/graphics-cfg/graphics.cfg
File: graphics.cfg 2016/06/04 v1.11 sample graphics configuration
)
Package graphics Info: Driver file: pdftex.def on input line 105.

(/usr/share/texlive/texmf-dist/tex/latex/graphics-def/pdftex.def
File: pdftex.def 2018/01/08 v1.0l Graphics/color driver for pdftex
))
\Gin@req@height=\dimen134
\Gin@req@width=\dimen135
)
(/usr/share/texlive/texmf-dist/tex/latex/amsfonts/amssymb.sty
Package: amssymb 2013/01/14 v3.01 AMS font symbols

(/usr/share/texlive/texmf-dist/tex/latex/amsfonts/amsfonts.sty
Package: amsfonts 2013/01/14 v3.01 Basic AMSFonts support
\@emptytoks=\toks17
\symAMSa=\mathgroup5
\symAMSb=\mathgroup6
LaTeX Font Info:    Redeclaring math symbol \hbar on input line 98.
LaTeX Font Info:    Overwriting math alphabet `\mathfrak' in version `bold'
(Font)                  U/euf/m/n --> U/euf/b/n on input line 106.
LaTeX Info: Redefining \frak on input line 111.
LaTeX Info: Redefining \Bbb on input line 113.
))
(/usr/share/texlive/texmf-dist/tex/generic/epsf/epsf.sty
This is `epsf.tex' v2.7.4 <14 February 2011>
\epsffilein=\read2
\epsfframemargin=\dimen136
\epsfframethickness=\dimen137
\epsfrsize=\dimen138
\epsftmp=\dimen139
\epsftsize=\dimen140
\epsfxsize=\dimen141
\epsfysize=\dimen142
\pspoints=\dimen143
)
\rptnum=\count183
\rptloopnum=\count184
\fncount=\count185
\endfncount=\count186
\c@front@matter@foot@note=\count187
\keys@width=\skip53
\c@lastfootnote=\count188
\tempsectnum=\count189
\ackbox=\box60
\c@remember@figure@num=\count190
\c@remember@table@num=\count191
\bibskip=\skip54
\bibindent=\dimen144
\plot@width=\skip55
\c@table@save=\count192
\@abovenoteskip=\dimen145
\table@note@skip=\skip56
\deluxe@table@width=\skip57
\@d@t@a=\skip58
\c@deluxe@table@num=\count193
\LTcapwidth=\dimen146
\abovedeluxetableskip=\skip59
\belowdeluxetableskip=\skip60
\lastrowheight=\dimen147
\DT@p@ftn=\toks18
\pt@column=\count194
\pt@ncol=\count195
 (/usr/share/texlive/texmf-dist/tex/latex/tools/longtable.sty
Package: longtable 2020/01/07 v4.13 Multi-page Table package (DPC)
\LTleft=\skip61
\LTright=\skip62
\LTpre=\skip63
\LTpost=\skip64
\LTchunksize=\count196
\LTcapwidth=\dimen148
\LT@head=\box61
\LT@firsthead=\box62
\LT@foot=\box63
\LT@lastfoot=\box64
\LT@cols=\count197
\LT@rows=\count198
\c@LT@tables=\count199
\c@LT@chunks=\count266
\LT@p@ftn=\toks19
)
(/usr/share/texlive/texmf-dist/tex/latex/xcolor/xcolor.sty
Package: xcolor 2016/05/11 v2.12 LaTeX color extensions (UK)

(/usr/share/texlive/texmf-dist/tex/latex/graphics-cfg/color.cfg
File: color.cfg 2016/01/02 v1.6 sample color configuration
)
Package xcolor Info: Driver file: pdftex.def on input line 225.
Package xcolor Info: Model `cmy' substituted by `cmy0' on input line 1348.
Package xcolor Info: Model `hsb' substituted by `rgb' on input line 1352.
Package xcolor Info: Model `RGB' extended on input line 1364.
Package xcolor Info: Model `HTML' substituted by `rgb' on input line 1366.
Package xcolor Info: Model `Hsb' substituted by `hsb' on input line 1367.
Package xcolor Info: Model `tHsb' substituted by `hsb' on input line 1368.
Package xcolor Info: Model `HSB' substituted by `hsb' on input line 1369.
Package xcolor Info: Model `Gray' substituted by `gray' on input line 1370.
Package xcolor Info: Model `wave' substituted by `hsb' on input line 1371.
)
(/usr/share/texlive/texmf-dist/tex/latex/hyperref/hyperref.sty
Package: hyperref 2020/01/14 v7.00d Hypertext links for LaTeX

(/usr/share/texlive/texmf-dist/tex/generic/ltxcmds/ltxcmds.sty
Package: ltxcmds 2019/12/15 v1.24 LaTeX kernel commands for general use (HO)
)
(/usr/share/texlive/texmf-dist/tex/generic/iftex/iftex.sty
Package: iftex 2019/11/07 v1.0c TeX engine tests
)
(/usr/share/texlive/texmf-dist/tex/latex/pdftexcmds/pdftexcmds.sty
Package: pdftexcmds 2019/11/24 v0.31 Utility functions of pdfTeX for LuaTeX (HO
)

(/usr/share/texlive/texmf-dist/tex/generic/infwarerr/infwarerr.sty
Package: infwarerr 2019/12/03 v1.5 Providing info/warning/error messages (HO)
)
Package pdftexcmds Info: \pdf@primitive is available.
Package pdftexcmds Info: \pdf@ifprimitive is available.
Package pdftexcmds Info: \pdfdraftmode found.
)
(/usr/share/texlive/texmf-dist/tex/generic/kvsetkeys/kvsetkeys.sty
Package: kvsetkeys 2019/12/15 v1.18 Key value parser (HO)
)
(/usr/share/texlive/texmf-dist/tex/generic/kvdefinekeys/kvdefinekeys.sty
Package: kvdefinekeys 2019-12-19 v1.6 Define keys (HO)
)
(/usr/share/texlive/texmf-dist/tex/generic/pdfescape/pdfescape.sty
Package: pdfescape 2019/12/09 v1.15 Implements pdfTeX's escape features (HO)
)
(/usr/share/texlive/texmf-dist/tex/latex/hycolor/hycolor.sty
Package: hycolor 2020-01-27 v1.10 Color options for hyperref/bookmark (HO)
)
(/usr/share/texlive/texmf-dist/tex/latex/letltxmacro/letltxmacro.sty
Package: letltxmacro 2019/12/03 v1.6 Let assignment for LaTeX macros (HO)
)
(/usr/share/texlive/texmf-dist/tex/latex/auxhook/auxhook.sty
Package: auxhook 2019-12-17 v1.6 Hooks for auxiliary files (HO)
)
(/usr/share/texlive/texmf-dist/tex/latex/kvoptions/kvoptions.sty
Package: kvoptions 2019/11/29 v3.13 Key value format for package options (HO)
)
\@linkdim=\dimen149
\Hy@linkcounter=\count267
\Hy@pagecounter=\count268

(/usr/share/texlive/texmf-dist/tex/latex/hyperref/pd1enc.def
File: pd1enc.def 2020/01/14 v7.00d Hyperref: PDFDocEncoding definition (HO)
Now handling font encoding PD1 ...
... no UTF-8 mapping file for font encoding PD1
)
(/usr/share/texlive/texmf-dist/tex/generic/intcalc/intcalc.sty
Package: intcalc 2019/12/15 v1.3 Expandable calculations with integers (HO)
)
(/usr/share/texlive/texmf-dist/tex/generic/etexcmds/etexcmds.sty
Package: etexcmds 2019/12/15 v1.7 Avoid name clashes with e-TeX commands (HO)
)
\Hy@SavedSpaceFactor=\count269
\pdfmajorversion=\count270
Package hyperref Info: Option `bookmarks' set `true' on input line 4421.
Package hyperref Info: Option `pdfnewwindow' set `true' on input line 4421.
Package hyperref Info: Option `colorlinks' set `true' on input line 4421.
Package hyperref Info: Option `final' set `true' on input line 4421.
Package hyperref Info: Hyper figures OFF on input line 4547.
Package hyperref Info: Link nesting OFF on input line 4552.
Package hyperref Info: Hyper index ON on input line 4555.
Package hyperref Info: Plain pages OFF on input line 4562.
Package hyperref Info: Backreferencing OFF on input line 4567.
Package hyperref Info: Implicit mode ON; LaTeX internals redefined.
Package hyperref Info: Bookmarks ON on input line 4800.
LaTeX Info: Redefining \href on input line 5070.
\c@Hy@tempcnt=\count271
LaTeX Info: Redefining \url on input line 5159.
\XeTeXLinkMargin=\dimen150

(/usr/share/texlive/texmf-dist/tex/generic/bitset/bitset.sty
Package: bitset 2019/12/09 v1.3 Handle bit-vector datatype (HO)

(/usr/share/texlive/texmf-dist/tex/generic/bigintcalc/bigintcalc.sty
Package: bigintcalc 2019/12/15 v1.5 Expandable calculations on big integers (HO
)
))
\Fld@menulength=\count272
\Field@Width=\dimen151
\Fld@charsize=\dimen152
Package hyperref Info: Hyper figures OFF on input line 6430.
Package hyperref Info: Link nesting OFF on input line 6435.
Package hyperref Info: Hyper index ON on input line 6438.
Package hyperref Info: backreferencing OFF on input line 6445.
Package hyperref Info: Link coloring ON on input line 6448.
Package hyperref Info: Link coloring with OCG OFF on input line 6455.
Package hyperref Info: PDF/A mode OFF on input line 6460.
LaTeX Info: Redefining \ref on input line 6500.
LaTeX Info: Redefining \pageref on input line 6504.

(/usr/share/texlive/texmf-dist/tex/generic/atbegshi/atbegshi.sty
Package: atbegshi 2019/12/05 v1.19 At begin shipout hook (HO)
)
\Hy@abspage=\count273
\c@Item=\count274
\c@Hfootnote=\count275
)
Package hyperref Info: Driver (autodetected): hpdftex.

(/usr/share/texlive/texmf-dist/tex/latex/hyperref/hpdftex.def
File: hpdftex.def 2020/01/14 v7.00d Hyperref driver for pdfTeX

(/usr/share/texlive/texmf-dist/tex/latex/atveryend/atveryend.sty
Package: atveryend 2019-12-11 v1.11 Hooks at the very end of document (HO)
)
\Fld@listcount=\count276
\c@bookmark@seq@number=\count277

(/usr/share/texlive/texmf-dist/tex/latex/rerunfilecheck/rerunfilecheck.sty
Package: rerunfilecheck 2019/12/05 v1.9 Rerun checks for auxiliary files (HO)

(/usr/share/texlive/texmf-dist/tex/generic/uniquecounter/uniquecounter.sty
Package: uniquecounter 2019/12/15 v1.4 Provide unlimited unique counter (HO)
)
Package uniquecounter Info: New unique counter `rerunfilecheck' on input line 2
86.
)
\Hy@SectionHShift=\skip65
)
(/usr/share/texlive/texmf-dist/tex/latex/tools/array.sty
Package: array 2019/08/31 v2.4l Tabular extension package (FMi)
\col@sep=\dimen153
\ar@mcellbox=\box65
\extrarowheight=\dimen154
\NC@list=\toks20
\extratabsurround=\skip66
\backup@length=\skip67
\ar@cellbox=\box66
)
\colcount=\count278
\firstcolcount=\count279
\secondcolcount=\count280
\thirdcolcount=\count281
\columncount=\count282
\howmanyDs=\count283
\firsthowmanyDs=\count284
\secondhowmanyDs=\count285
\PartsOfTable=\count286
\columnoneandtwo=\count287
\colnumsused=\count288
\loopnum=\count289
\totalcolumncount=\count290
\totalcolumns=\count291
\firsttablebox=\box67
\secondtablebox=\box68
\thirdtablebox=\box69
\longtablebox=\box70
\splitbox=\box71
\movetabledown=\dimen155
\maxtablewidth=\dimen156
\savetabskip=\dimen157
\tempcounter=\count292
\colheadcount=\count293
\rotatetablebox=\box72
\colorcount=\count294
\refchangenumber=\count295
\listchangenum=\count296

(/usr/share/texlive/texmf-dist/tex/generic/ulem/ulem.sty
\UL@box=\box73
\UL@hyphenbox=\box74
\UL@skip=\skip68
\UL@hook=\toks21
\UL@height=\dimen158
\UL@pe=\count297
\UL@pixel=\dimen159
\ULC@box=\box75
Package: ulem 2019/11/18
\ULdepth=\dimen160
)
\entriesinthiscollab=\count298
\allentries=\count299
\AuthorCollaborationLimit=\count300
\largestAffilNum=\count301
\totalentries=\count302
\docollabnum=\count303
\tempauthornumber=\count304
\countauthors=\count305
\testnum=\count306
\tempauthorminusone=\count307
\affilnum=\count308
\c@affilcount=\count309
\numauthors=\count310
\collabnum=\count311
\collabnamebox=\box76
\widetext@top=\box77
\widetext@bot=\box78
\movetableright=\dimen161
)
(/usr/share/texlive/texmf-dist/tex/latex/amsmath/amsmath.sty
Package: amsmath 2020/01/20 v2.17e AMS math features
\@mathmargin=\skip69

For additional information on amsmath, use the `?' option.
(/usr/share/texlive/texmf-dist/tex/latex/amsmath/amstext.sty
Package: amstext 2000/06/29 v2.01 AMS text

(/usr/share/texlive/texmf-dist/tex/latex/amsmath/amsgen.sty
File: amsgen.sty 1999/11/30 v2.0 generic functions
\@emptytoks=\toks22
\ex@=\dimen162
)
LaTeX Info: Redefining \text on input line 28.
)
(/usr/share/texlive/texmf-dist/tex/latex/amsmath/amsbsy.sty
Package: amsbsy 1999/11/29 v1.2d Bold Symbols
\pmbraise@=\dimen163
)
(/usr/share/texlive/texmf-dist/tex/latex/amsmath/amsopn.sty
Package: amsopn 2016/03/08 v2.02 operator names
)
\inf@bad=\count312
LaTeX Info: Redefining \frac on input line 227.
\uproot@=\count313
\leftroot@=\count314
LaTeX Info: Redefining \overline on input line 389.
\classnum@=\count315
\DOTSCASE@=\count316
LaTeX Info: Redefining \ldots on input line 486.
LaTeX Info: Redefining \dots on input line 489.
LaTeX Info: Redefining \cdots on input line 610.
\Mathstrutbox@=\box79
\strutbox@=\box80
\big@size=\dimen164
LaTeX Font Info:    Redeclaring font encoding OML on input line 733.
LaTeX Font Info:    Redeclaring font encoding OMS on input line 734.
\macc@depth=\count317
\c@MaxMatrixCols=\count318
\dotsspace@=\muskip17
\c@parentequation=\count319
\dspbrk@lvl=\count320
\tag@help=\toks23
\row@=\count321
\column@=\count322
\maxfields@=\count323
\andhelp@=\toks24
\eqnshift@=\dimen165
\alignsep@=\dimen166
\tagshift@=\dimen167
\tagwidth@=\dimen168
\totwidth@=\dimen169
\lineht@=\dimen170
\@envbody=\toks25
\multlinegap=\skip70
\multlinetaggap=\skip71
\mathdisplay@stack=\toks26
LaTeX Info: Redefining \[ on input line 2859.
LaTeX Info: Redefining \] on input line 2860.
)
(./showyourwork.sty
Package: showyourwork 2022/01/12 Open source science articles
) (/usr/share/texmf/tex/latex/CJK/CJK.sty
Package: CJK 2015/04/18 4.8.4

(/usr/share/texmf/tex/latex/CJK/mule/MULEenc.sty
Package: MULEenc 2015/04/18 4.8.4
)
(/usr/share/texmf/tex/latex/CJK/CJK.enc
File: CJK.enc 2015/04/18 4.8.4
Now handling font encoding C00 ...
... no UTF-8 mapping file for font encoding C00
Now handling font encoding C05 ...
... no UTF-8 mapping file for font encoding C05
Now handling font encoding C09 ...
... no UTF-8 mapping file for font encoding C09
Now handling font encoding C10 ...
... no UTF-8 mapping file for font encoding C10
Now handling font encoding C20 ...
... no UTF-8 mapping file for font encoding C20
Now handling font encoding C19 ...
... no UTF-8 mapping file for font encoding C19
Now handling font encoding C40 ...
... no UTF-8 mapping file for font encoding C40
Now handling font encoding C42 ...
... no UTF-8 mapping file for font encoding C42
Now handling font encoding C43 ...
... no UTF-8 mapping file for font encoding C43
Now handling font encoding C50 ...
... no UTF-8 mapping file for font encoding C50
Now handling font encoding C52 ...
... no UTF-8 mapping file for font encoding C52
Now handling font encoding C49 ...
... no UTF-8 mapping file for font encoding C49
Now handling font encoding C60 ...
... no UTF-8 mapping file for font encoding C60
Now handling font encoding C61 ...
... no UTF-8 mapping file for font encoding C61
Now handling font encoding C63 ...
... no UTF-8 mapping file for font encoding C63
Now handling font encoding C64 ...
... no UTF-8 mapping file for font encoding C64
Now handling font encoding C65 ...
... no UTF-8 mapping file for font encoding C65
Now handling font encoding C70 ...
... no UTF-8 mapping file for font encoding C70
Now handling font encoding C31 ...
... no UTF-8 mapping file for font encoding C31
Now handling font encoding C32 ...
... no UTF-8 mapping file for font encoding C32
Now handling font encoding C33 ...
... no UTF-8 mapping file for font encoding C33
Now handling font encoding C34 ...
... no UTF-8 mapping file for font encoding C34
Now handling font encoding C35 ...
... no UTF-8 mapping file for font encoding C35
Now handling font encoding C36 ...
... no UTF-8 mapping file for font encoding C36
Now handling font encoding C37 ...
... no UTF-8 mapping file for font encoding C37
Now handling font encoding C80 ...
... no UTF-8 mapping file for font encoding C80
Now handling font encoding C81 ...
... no UTF-8 mapping file for font encoding C81
Now handling font encoding C01 ...
... no UTF-8 mapping file for font encoding C01
Now handling font encoding C11 ...
... no UTF-8 mapping file for font encoding C11
Now handling font encoding C21 ...
... no UTF-8 mapping file for font encoding C21
Now handling font encoding C41 ...
... no UTF-8 mapping file for font encoding C41
Now handling font encoding C62 ...
... no UTF-8 mapping file for font encoding C62
)
LaTeX Info: Redefining \selectfont on input line 755.
\CJK@indent=\box81
)
Class revtex4-1 Info: Unrecognized array package. Please update this document c
lass! (Proceeding with fingers crossed.) on input line 22.
Class revtex4-1 Info: Patching unrecognized longtable package. (Proceeding with
 fingers crossed) on input line 22.
Class revtex4-1 Info: cite was not loaded (OK!) on input line 22.
Class revtex4-1 Info: mcite was not loaded (OK!) on input line 22.
Class revtex4-1 Info: multicol was not loaded (OK!) on input line 22.

(/usr/share/texlive/texmf-dist/tex/latex/l3backend/l3backend-pdfmode.def
File: l3backend-pdfmode.def 2020-02-03 L3 backend support: PDF mode
\l__kernel_color_stack_int=\count324
\l__pdf_internal_box=\box82
)
No file CE_accretors.aux.
\openout1 = `CE_accretors.aux'.

LaTeX Font Info:    Checking defaults for OML/cmm/m/it on input line 22.
LaTeX Font Info:    ... okay on input line 22.
LaTeX Font Info:    Checking defaults for OMS/cmsy/m/n on input line 22.
LaTeX Font Info:    ... okay on input line 22.
LaTeX Font Info:    Checking defaults for OT1/cmr/m/n on input line 22.
LaTeX Font Info:    ... okay on input line 22.
LaTeX Font Info:    Checking defaults for T1/cmr/m/n on input line 22.
LaTeX Font Info:    ... okay on input line 22.
LaTeX Font Info:    Checking defaults for TS1/cmr/m/n on input line 22.
LaTeX Font Info:    ... okay on input line 22.
LaTeX Font Info:    Checking defaults for OMX/cmex/m/n on input line 22.
LaTeX Font Info:    ... okay on input line 22.
LaTeX Font Info:    Checking defaults for U/cmr/m/n on input line 22.
LaTeX Font Info:    ... okay on input line 22.
LaTeX Font Info:    Checking defaults for PD1/pdf/m/n on input line 22.
LaTeX Font Info:    ... okay on input line 22.
LaTeX Font Info:    Checking defaults for C00/song/m/n on input line 22.
LaTeX Font Info:    ... okay on input line 22.
LaTeX Font Info:    Checking defaults for C05/song/m/n on input line 22.
LaTeX Font Info:    ... okay on input line 22.
LaTeX Font Info:    Checking defaults for C09/song/m/n on input line 22.
LaTeX Font Info:    ... okay on input line 22.
LaTeX Font Info:    Checking defaults for C10/song/m/n on input line 22.
LaTeX Font Info:    ... okay on input line 22.
LaTeX Font Info:    Checking defaults for C20/song/m/n on input line 22.
LaTeX Font Info:    ... okay on input line 22.
LaTeX Font Info:    Checking defaults for C19/song/m/n on input line 22.
LaTeX Font Info:    ... okay on input line 22.
LaTeX Font Info:    Checking defaults for C40/song/m/n on input line 22.
LaTeX Font Info:    ... okay on input line 22.
LaTeX Font Info:    Checking defaults for C42/song/m/n on input line 22.
LaTeX Font Info:    ... okay on input line 22.
LaTeX Font Info:    Checking defaults for C43/song/m/n on input line 22.
LaTeX Font Info:    ... okay on input line 22.
LaTeX Font Info:    Checking defaults for C50/song/m/n on input line 22.
LaTeX Font Info:    ... okay on input line 22.
LaTeX Font Info:    Checking defaults for C52/song/m/n on input line 22.
LaTeX Font Info:    ... okay on input line 22.
LaTeX Font Info:    Checking defaults for C49/song/m/n on input line 22.
LaTeX Font Info:    ... okay on input line 22.
LaTeX Font Info:    Checking defaults for C60/mj/m/n on input line 22.
LaTeX Font Info:    ... okay on input line 22.
LaTeX Font Info:    Checking defaults for C61/mj/m/n on input line 22.
LaTeX Font Info:    ... okay on input line 22.
LaTeX Font Info:    Checking defaults for C63/mj/m/n on input line 22.
LaTeX Font Info:    ... okay on input line 22.
LaTeX Font Info:    Checking defaults for C64/mj/m/n on input line 22.
LaTeX Font Info:    ... okay on input line 22.
LaTeX Font Info:    Checking defaults for C65/mj/m/n on input line 22.
LaTeX Font Info:    ... okay on input line 22.
LaTeX Font Info:    Checking defaults for C70/song/m/n on input line 22.
LaTeX Font Info:    ... okay on input line 22.
LaTeX Font Info:    Checking defaults for C31/song/m/n on input line 22.
LaTeX Font Info:    ... okay on input line 22.
LaTeX Font Info:    Checking defaults for C32/song/m/n on input line 22.
LaTeX Font Info:    ... okay on input line 22.
LaTeX Font Info:    Checking defaults for C33/song/m/n on input line 22.
LaTeX Font Info:    ... okay on input line 22.
LaTeX Font Info:    Checking defaults for C34/song/m/n on input line 22.
LaTeX Font Info:    ... okay on input line 22.
LaTeX Font Info:    Checking defaults for C35/song/m/n on input line 22.
LaTeX Font Info:    ... okay on input line 22.
LaTeX Font Info:    Checking defaults for C36/song/m/n on input line 22.
LaTeX Font Info:    ... okay on input line 22.
LaTeX Font Info:    Checking defaults for C37/song/m/n on input line 22.
LaTeX Font Info:    ... okay on input line 22.
LaTeX Font Info:    Checking defaults for C80/song/m/n on input line 22.
LaTeX Font Info:    ... okay on input line 22.
LaTeX Font Info:    Checking defaults for C81/song/m/n on input line 22.
LaTeX Font Info:    ... okay on input line 22.
LaTeX Font Info:    Checking defaults for C01/song/m/n on input line 22.
LaTeX Font Info:    ... okay on input line 22.
LaTeX Font Info:    Checking defaults for C11/song/m/n on input line 22.
LaTeX Font Info:    ... okay on input line 22.
LaTeX Font Info:    Checking defaults for C21/song/m/n on input line 22.
LaTeX Font Info:    ... okay on input line 22.
LaTeX Font Info:    Checking defaults for C41/song/m/n on input line 22.
LaTeX Font Info:    ... okay on input line 22.
LaTeX Font Info:    Checking defaults for C62/song/m/n on input line 22.
LaTeX Font Info:    ... okay on input line 22.
(/usr/share/texlive/texmf-dist/tex/context/base/mkii/supp-pdf.mkii
[Loading MPS to PDF converter (version 2006.09.02).]
\scratchcounter=\count325
\scratchdimen=\dimen171
\scratchbox=\box83
\nofMPsegments=\count326
\nofMParguments=\count327
\everyMPshowfont=\toks27
\MPscratchCnt=\count328
\MPscratchDim=\dimen172
\MPnumerator=\count329
\makeMPintoPDFobject=\count330
\everyMPtoPDFconversion=\toks28
) (/usr/share/texlive/texmf-dist/tex/latex/epstopdf-pkg/epstopdf-base.sty
Package: epstopdf-base 2020-01-24 v2.11 Base part for package epstopdf
Package epstopdf-base Info: Redefining graphics rule for `.eps' on input line 4
85.

(/usr/share/texlive/texmf-dist/tex/latex/latexconfig/epstopdf-sys.cfg
File: epstopdf-sys.cfg 2010/07/13 v1.3 Configuration of (r)epstopdf for TeX Liv
e
))
\AtBeginShipoutBox=\box84
Package hyperref Info: Link coloring ON on input line 22.

(/usr/share/texlive/texmf-dist/tex/latex/hyperref/nameref.sty
Package: nameref 2019/09/16 v2.46 Cross-referencing by name of section

(/usr/share/texlive/texmf-dist/tex/latex/refcount/refcount.sty
Package: refcount 2019/12/15 v3.6 Data extraction from label references (HO)
)
(/usr/share/texlive/texmf-dist/tex/generic/gettitlestring/gettitlestring.sty
Package: gettitlestring 2019/12/15 v1.6 Cleanup title references (HO)
)
\c@section@level=\count331
)
LaTeX Info: Redefining \ref on input line 22.
LaTeX Info: Redefining \pageref on input line 22.
LaTeX Info: Redefining \nameref on input line 22.
\@outlinefile=\write4
\openout4 = `CE_accretors.out'.

LaTeX Font Info:    Trying to load font information for U+lasy on input line 55
.

(/usr/share/texlive/texmf-dist/tex/latex/base/ulasy.fd
File: ulasy.fd 1998/08/17 v2.2e LaTeX symbol font definitions
)
LaTeX Font Info:    Trying to load font information for U+msa on input line 55.


(/usr/share/texlive/texmf-dist/tex/latex/amsfonts/umsa.fd
File: umsa.fd 2013/01/14 v3.01 AMS symbols A
)
LaTeX Font Info:    Trying to load font information for U+msb on input line 55.


(/usr/share/texlive/texmf-dist/tex/latex/amsfonts/umsb.fd
File: umsb.fd 2013/01/14 v3.01 AMS symbols B
)

Class revtex4-1 Warning: Assuming \noaffiliation for authors.


LaTeX Font Warning: Font shape `OT1/cmr/bx/sc' undefined
(Font)              using `OT1/cmr/bx/n' instead on input line 66.


Package natbib Warning: Citation `pavlovskii:2017' on page 1 undefined on input
 line 73.


Package natbib Warning: Citation `klencki:2020' on page 1 undefined on input li
ne 73.


Package natbib Warning: Citation `klencki:2021' on page 1 undefined on input li
ne 73.


Package natbib Warning: Citation `vanson:2021' on page 1 undefined on input lin
e 73.


Package natbib Warning: Citation `marchant:2021' on page 1 undefined on input l
ine 73.


Package natbib Warning: Citation `paczynski:1976' on page 1 undefined on input 
line 76.


Package natbib Warning: Citation `korol:2017' on page 1 undefined on input line
 77.


Package natbib Warning: Citation `renzo:21gwce' on page 1 undefined on input li
ne 77.


Package natbib Warning: Citation `thiele:21' on page 1 undefined on input line 
77.


Package natbib Warning: Citation `vigna-gomez:2018' on page 1 undefined on inpu
t line 78.


Package natbib Warning: Citation `kruckow:18' on page 1 undefined on input line
 79.


Package natbib Warning: Citation `broekgaarden:21' on page 1 undefined on input
 line 79.


Package natbib Warning: Citation `dominik:2012' on page 1 undefined on input li
ne 80.


Package natbib Warning: Citation `vanson:2021' on page 1 undefined on input lin
e 80.


Package natbib Warning: Citation `tutukov:93' on page 1 undefined on input line
 82.


Package natbib Warning: Citation `belczynski:2016' on page 1 undefined on input
 line 82.


Package natbib Warning: Citation `blaauw:1961' on page 1 undefined on input lin
e 87.


Package natbib Warning: Citation `renzo:2019walk' on page 1 undefined on input 
line 87.


Package natbib Warning: Citation `dominik:2012' on page 1 undefined on input li
ne 90.


Package natbib Warning: Citation `belczynski:2016' on page 1 undefined on input
 line 90.


Package natbib Warning: Citation `kruckow:18' on page 1 undefined on input line
 90.


Package natbib Warning: Citation `paczynski:1976' on page 1 undefined on input 
line 92.


Package natbib Warning: Citation `klencki:2020' on page 1 undefined on input li
ne 95.


Package natbib Warning: Citation `law-smith:2020' on page 1 undefined on input 
line 95.


Package natbib Warning: Citation `renzo:2021zoph' on page 1 undefined on input 
line 95.


Package natbib Warning: Citation `neo:1977' on page 1 undefined on input line 1
00.


Package natbib Warning: Citation `packet:1981' on page 1 undefined on input lin
e 100.


Package natbib Warning: Citation `blaauw:1993' on page 1 undefined on input lin
e 100.


Package natbib Warning: Citation `cantiello:2007' on page 1 undefined on input 
line 100.


Package natbib Warning: Citation `renzo:2021zoph' on page 1 undefined on input 
line 100.


Package natbib Warning: Citation `blaauw:1993' on page 1 undefined on input lin
e 102.


Package natbib Warning: Citation `renzo:2021zoph' on page 1 undefined on input 
line 102.


Package natbib Warning: Citation `el-badry:2022a' on page 1 undefined on input 
line 102.


Package natbib Warning: Citation `neo:1977' on page 1 undefined on input line 1
04.


Package natbib Warning: Citation `hellings:1983' on page 1 undefined on input l
ine 104.


Package natbib Warning: Citation `hellings:1984' on page 1 undefined on input l
ine 104.


Package natbib Warning: Citation `renzo:2021zoph' on page 1 undefined on input 
line 109.


Package natbib Warning: Citation `ivanova:2013' on page 1 undefined on input li
ne 112.


LaTeX Warning: Reference `sec:methods' on page 1 undefined on input line 117.


LaTeX Warning: Reference `sec:intro_res' on page 1 undefined on input line 118.



LaTeX Warning: Reference `sec:bin_models' on page 1 undefined on input line 120
.


LaTeX Warning: Reference `sec:conclusions' on page 1 undefined on input line 12
3.

[1{/var/lib/texmf/fonts/map/pdftex/updmap/pdftex.map}]

Package natbib Warning: Citation `paxton:2011' on page 2 undefined on input lin
e 130.


Package natbib Warning: Citation `paxton:2013' on page 2 undefined on input lin
e 130.


Package natbib Warning: Citation `paxton:2015' on page 2 undefined on input lin
e 130.


Package natbib Warning: Citation `paxton:2018' on page 2 undefined on input lin
e 130.


Package natbib Warning: Citation `paxton:2011' on page 2 undefined on input lin
e 130.


Package natbib Warning: Citation `kippenhahn:1967' on page 2 undefined on input
 line 132.


Overfull \hbox (10.88353pt too wide) in paragraph at lines 133--133
[][]| [] [][][]| 
 []


Package natbib Warning: Citation `renzo:2021zoph' on page 2 undefined on input 
line 134.


Package natbib Warning: Citation `vanson:2021' on page 2 undefined on input lin
e 136.


Package natbib Warning: Citation `oconnor:11' on page 2 undefined on input line
 151.


Package natbib Warning: Citation `farmer:16' on page 2 undefined on input line 
151.


Package natbib Warning: Citation `patton:20' on page 2 undefined on input line 
151.


Package natbib Warning: Citation `patton:22' on page 2 undefined on input line 
151.


Package natbib Warning: Citation `zapartas:21b' on page 2 undefined on input li
ne 151.


Overfull \hbox (10.88353pt too wide) in paragraph at lines 151--151
[][]| [] [][][]| 
 []


Package natbib Warning: Citation `sravan:2019' on page 2 undefined on input lin
e 155.


Package natbib Warning: Citation `wang:2020' on page 2 undefined on input line 
155.


Package natbib Warning: Citation `renzo:2021zoph' on page 2 undefined on input 
line 155.


Package natbib Warning: Citation `sen:2022' on page 2 undefined on input line 1
55.


Package natbib Warning: Citation `wang:2021a' on page 2 undefined on input line
 157.


Overfull \hbox (10.88353pt too wide) in paragraph at lines 169--169
[][]| [] [][][]| 
 []


Package natbib Warning: Citation `laplace:2020' on page 2 undefined on input li
ne 171.


Package natbib Warning: Citation `hirai:2018' on page 2 undefined on input line
 173.


Package natbib Warning: Citation `ogata:2021' on page 2 undefined on input line
 173.


Package natbib Warning: Citation `brandt:1995' on page 2 undefined on input lin
e 174.


Package natbib Warning: Citation `kalogera:1996' on page 2 undefined on input l
ine 174.


Package natbib Warning: Citation `tauris:1998' on page 2 undefined on input lin
e 174.


Package natbib Warning: Citation `renzo:2019walk' on page 2 undefined on input 
line 174.


LaTeX Warning: File `engineered_TAMS.pdf' not found on input line 178.


./CE_accretors.tex:178: Package pdftex.def Error: File `engineered_TAMS.pdf' no
t found: using draft setting.

See the pdftex.def package documentation for explanation.
Type  H <return>  for immediate help.
 ...                                              
                                                  
l.178 ...width=0.5\textwidth]{engineered_TAMS.pdf}
                                                  
Try typing  <return>  to proceed.
If that doesn't work, type  X <return>  to quit.


Overfull \hbox (14.29219pt too wide) in paragraph at lines 178--179
[][] 
 []


LaTeX Warning: Reference `fig:engineered_TAMS' on page 2 undefined on input lin
e 193.


LaTeX Warning: Reference `fig:engineered_TAMS' on page 2 undefined on input lin
e 201.


LaTeX Warning: Reference `fig:engineered_TAMS' on page 2 undefined on input lin
e 204.


LaTeX Warning: Reference `fig:TAMS_profiles' on page 2 undefined on input line 
205.


Package natbib Warning: Citation `paczynski:1971' on page 2 undefined on input 
line 222.


Package natbib Warning: Citation `eggleton:83' on page 2 undefined on input lin
e 222.

[2]

LaTeX Warning: Reference `sec:eng_examples' on page 3 undefined on input line 2
31.


LaTeX Warning: Reference `sec:rot_examples' on page 3 undefined on input line 2
32.


LaTeX Warning: File `toy_models_example.pdf' not found on input line 241.


./CE_accretors.tex:241: Package pdftex.def Error: File `toy_models_example.pdf'
 not found: using draft setting.

See the pdftex.def package documentation for explanation.
Type  H <return>  for immediate help.
 ...                                              
                                                  
l.241 ...th=0.5\textwidth]{toy_models_example.pdf}
                                                  
Try typing  <return>  to proceed.
If that doesn't work, type  X <return>  to quit.


Overfull \hbox (14.29219pt too wide) in paragraph at lines 241--242
 [][] 
 []


LaTeX Warning: Reference `fig:toy_models_example' on page 3 undefined on input 
line 257.


LaTeX Warning: Reference `sec:methods' on page 3 undefined on input line 260.


Package natbib Warning: Citation `dekool:1990' on page 3 undefined on input lin
e 263.


Package natbib Warning: Citation `dewi:2000' on page 3 undefined on input line 
263.


Package natbib Warning: Citation `lau:2022' on page 3 undefined on input line 2
63.


LaTeX Warning: Reference `eq:BE' on page 3 undefined on input line 280.


LaTeX Warning: Reference `fig:toy_models_example' on page 3 undefined on input 
line 282.


LaTeX Warning: Reference `fig:toy_models_example' on page 3 undefined on input 
line 286.


LaTeX Warning: Reference `fig:toy_models_example' on page 3 undefined on input 
line 290.


LaTeX Warning: Reference `fig:toy_models_example' on page 3 undefined on input 
line 292.


Overfull \hbox (10.88353pt too wide) in paragraph at lines 306--306
[][]| [] [][][]| 
 []


Package natbib Warning: Citation `lubow:1975' on page 3 undefined on input line
 307.


Package natbib Warning: Citation `packet:1981' on page 3 undefined on input lin
e 307.


Package natbib Warning: Citation `cantiello:2007' on page 3 undefined on input 
line 307.


Package natbib Warning: Citation `renzo:2021zoph' on page 3 undefined on input 
line 309.


LaTeX Warning: File `rotation_models_example.pdf' not found on input line 317.


./CE_accretors.tex:317: Package pdftex.def Error: File `rotation_models_example
.pdf' not found: using draft setting.

See the pdftex.def package documentation for explanation.
Type  H <return>  for immediate help.
 ...                                              
                                                  
l.317 ...5\textwidth]{rotation_models_example.pdf}
                                                  
Try typing  <return>  to proceed.
If that doesn't work, type  X <return>  to quit.


Overfull \hbox (14.29219pt too wide) in paragraph at lines 317--318
 [][] 
 []


LaTeX Warning: Reference `fig:toy_models_example' on page 3 undefined on input 
line 319.


LaTeX Warning: Reference `fig:toy_models_example' on page 3 undefined on input 
line 319.


Package natbib Warning: Citation `heger:2000' on page 3 undefined on input line
 325.


Package natbib Warning: Citation `maeder:00' on page 3 undefined on input line 
325.


Package natbib Warning: Citation `langer:1998' on page 3 undefined on input lin
e 327.


Package natbib Warning: Citation `muller:2014' on page 3 undefined on input lin
e 327.


Package natbib Warning: Citation `gagnier:2019' on page 3 undefined on input li
ne 327.


Package natbib Warning: Citation `renzo:2017' on page 3 undefined on input line
 328.


Package natbib Warning: Citation `renzo:2020ppi_conv' on page 3 undefined on in
put line 328.


Package natbib Warning: Citation `langer:1998' on page 3 undefined on input lin
e 333.


Package natbib Warning: Citation `langer:1998' on page 3 undefined on input lin
e 335.


Package natbib Warning: Citation `heger:2000' on page 3 undefined on input line
 335.


Package natbib Warning: Citation `gagnier:2019' on page 3 undefined on input li
ne 336.

[3]

LaTeX Warning: A float is stuck (cannot be placed) on input line 337.


LaTeX Warning: A float is stuck (cannot be placed) on input line 337.


Class revtex4-1 Warning: Deferred float stuck during \clearpage processing.


LaTeX Warning: Reference `fig:rotation_models_example' on page 4 undefined on i
nput line 338.


LaTeX Warning: Reference `fig:toy_models_example' on page 4 undefined on input 
line 340.


Package natbib Warning: Citation `ramirez-agudelo:2015' on page 4 undefined on 
input line 350.


LaTeX Warning: Reference `fig:toy_models_example' on page 4 undefined on input 
line 359.


LaTeX Warning: Reference `fig:rotation_models_example' on page 4 undefined on i
nput line 360.


Package natbib Warning: Citation `renzo:2021zoph' on page 4 undefined on input 
line 362.


LaTeX Warning: Reference `fig:HRD' on page 4 undefined on input line 369.


Package natbib Warning: Citation `yoon:2017' on page 4 undefined on input line 
374.


Package natbib Warning: Citation `gotberg:2017' on page 4 undefined on input li
ne 374.


Package natbib Warning: Citation `gotberg:2018' on page 4 undefined on input li
ne 374.


Package natbib Warning: Citation `laplace:2020' on page 4 undefined on input li
ne 374.


Package natbib Warning: Citation `laplace:2021' on page 4 undefined on input li
ne 374.


Package natbib Warning: Citation `sravan:2019' on page 4 undefined on input lin
e 377.


Package natbib Warning: Citation `renzo:2021zoph' on page 4 undefined on input 
line 377.


Package natbib Warning: Citation `wang:2020' on page 4 undefined on input line 
377.


LaTeX Warning: File `HRD.pdf' not found on input line 383.


./CE_accretors.tex:383: Package pdftex.def Error: File `HRD.pdf' not found: usi
ng draft setting.

See the pdftex.def package documentation for explanation.
Type  H <return>  for immediate help.
 ...                                              
                                                  
l.383 ...udegraphics[width=0.5\textwidth]{HRD.pdf}
                                                  
Try typing  <return>  to proceed.
If that doesn't work, type  X <return>  to quit.


Overfull \hbox (14.29219pt too wide) in paragraph at lines 383--384
[][] 
 []


Package natbib Warning: Citation `walmswell:2015' on page 4 undefined on input 
line 401.


Package natbib Warning: Citation `walmswell:2015' on page 4 undefined on input 
line 404.


Package natbib Warning: Citation `farrell:22' on page 4 undefined on input line
 404.


Package natbib Warning: Citation `dorn-wallenstein:20' on page 4 undefined on i
nput line 407.


Package natbib Warning: Citation `renzo:2017' on page 4 undefined on input line
 410.


LaTeX Warning: Reference `fig:HRD' on page 4 undefined on input line 412.

[4]

LaTeX Warning: File `TAMS_profiles.pdf' not found on input line 431.


./CE_accretors.tex:431: Package pdftex.def Error: File `TAMS_profiles.pdf' not 
found: using draft setting.

See the pdftex.def package documentation for explanation.
Type  H <return>  for immediate help.
 ...                                              
                                                  
l.431 ...hics[width=\textwidth]{TAMS_profiles.pdf}
                                                  
Try typing  <return>  to proceed.
If that doesn't work, type  X <return>  to quit.


LaTeX Warning: Reference `fig:TAMS_profiles' on page 5 undefined on input line 
442.


LaTeX Warning: Reference `eq:BE' on page 5 undefined on input line 447.


Package natbib Warning: Citation `dekool:1990' on page 5 undefined on input lin
e 447.


Package natbib Warning: Citation `dewi:2000' on page 5 undefined on input line 
447.


Package natbib Warning: Citation `fryer:2012' on page 5 undefined on input line
 451.


Package natbib Warning: Citation `farmer:2019' on page 5 undefined on input lin
e 451.


Package natbib Warning: Citation `patton:2021' on page 5 undefined on input lin
e 451.


Package natbib Warning: Citation `renzo:2022' on page 5 undefined on input line
 451.


Package natbib Warning: Citation `fryer:2022' on page 5 undefined on input line
 451.


LaTeX Warning: Reference `fig:TAMS_profiles' on page 5 undefined on input line 
454.


LaTeX Warning: Reference `fig:toy_models_example' on page 5 undefined on input 
line 464.


LaTeX Warning: Reference `fig:rotation_models_example' on page 5 undefined on i
nput line 464.


LaTeX Warning: Reference `fig:TAMS_profiles' on page 5 undefined on input line 
465.


LaTeX Warning: Reference `fig:grid_ratios' on page 5 undefined on input line 46
5.


LaTeX Warning: Reference `fig:TAMS_profiles_same_initial_mass' on page 5 undefi
ned on input line 465.


LaTeX Warning: Reference `fig:lambda_grid' on page 5 undefined on input line 46
5.


Package natbib Warning: Citation `yoon:05' on page 5 undefined on input line 48
5.


LaTeX Warning: Reference `fig:TAMS_profiles' on page 5 undefined on input line 
491.


LaTeX Warning: Reference `fig:BE_profiles' on page 5 undefined on input line 50
7.


LaTeX Warning: Reference `fig:lambda_grid' on page 5 undefined on input line 51
2.


LaTeX Warning: File `BE_profiles.pdf' not found on input line 521.


./CE_accretors.tex:521: Package pdftex.def Error: File `BE_profiles.pdf' not fo
und: using draft setting.

See the pdftex.def package documentation for explanation.
Type  H <return>  for immediate help.
 ...                                              
                                                  
l.521 ...aphics[width=\textwidth]{BE_profiles.pdf}
                                                  
Try typing  <return>  to proceed.
If that doesn't work, type  X <return>  to quit.


LaTeX Warning: File `grid_ratios.pdf' not found on input line 538.


./CE_accretors.tex:538: Package pdftex.def Error: File `grid_ratios.pdf' not fo
und: using draft setting.

See the pdftex.def package documentation for explanation.
Type  H <return>  for immediate help.
 ...                                              
                                                  
l.538 ...aphics[width=\textwidth]{grid_ratios.pdf}
                                                  
Try typing  <return>  to proceed.
If that doesn't work, type  X <return>  to quit.


LaTeX Warning: Reference `fig:BE_profiles' on page 5 undefined on input line 55
3.


LaTeX Warning: Reference `fig:grid_ratios' on page 5 undefined on input line 55
3.


LaTeX Warning: Reference `fig:grid_ratios' on page 5 undefined on input line 56
8.

[5]

LaTeX Warning: Reference `fig:grid_ratios' on page 6 undefined on input line 58
0.


Package natbib Warning: Citation `ivanova:2013' on page 6 undefined on input li
ne 585.

[6] [7]

LaTeX Warning: A float is stuck (cannot be placed) on input line 591.

[8]

LaTeX Warning: Reference `eq:BE' on page 9 undefined on input line 593.


LaTeX Warning: Reference `fig:BE_env_R' on page 9 undefined on input line 599.


LaTeX Warning: File `BE_env_R.pdf' not found on input line 618.


./CE_accretors.tex:618: Package pdftex.def Error: File `BE_env_R.pdf' not found
: using draft setting.

See the pdftex.def package documentation for explanation.
Type  H <return>  for immediate help.
 ...                                              
                                                  
l.618 ...aphics[width=0.5\textwidth]{BE_env_R.pdf}
                                                  
Try typing  <return>  to proceed.
If that doesn't work, type  X <return>  to quit.


Overfull \hbox (14.29219pt too wide) in paragraph at lines 618--619
 [][] 
 []

No file CE_accretors.bbl.

Package natbib Warning: There were undefined citations.

[9]
Package atveryend Info: Empty hook `AfterLastShipout' on input line 776.
 (./CE_accretors.aux)
Package atveryend Info: Executing hook `AtVeryEndDocument' on input line 776.
Package atveryend Info: Executing hook `AtEndAfterFileList' on input line 776.


Package rerunfilecheck Warning: File `CE_accretors.out' has changed.
(rerunfilecheck)                Rerun to get outlines right
(rerunfilecheck)                or use package `bookmark'.

Package rerunfilecheck Info: Checksums for `CE_accretors.out':
(rerunfilecheck)             Before: <no file>
(rerunfilecheck)             After:  D026F17CDC97E2784E5728DF2108F2CE;541.

LaTeX Font Warning: Some font shapes were not available, defaults substituted.


LaTeX Warning: There were undefined references.


LaTeX Warning: Label(s) may have changed. Rerun to get cross-references right .


 ) 
Here is how much of TeX's memory you used:
 10876 strings out of 481239
 148009 string characters out of 5920377
 469851 words of memory out of 5000000
 25880 multiletter control sequences out of 15000+600000
 545341 words of font info for 77 fonts, out of 8000000 for 9000
 1141 hyphenation exceptions out of 8191
 42i,7n,41p,235b,388s stack positions out of 5000i,500n,10000p,200000b,80000s
</usr/share/texlive/texmf-dist/fonts/type1/public/amsfonts/cm/cmbx10.pfb></us
r/share/texlive/texmf-dist/fonts/type1/public/amsfonts/cm/cmbx12.pfb></usr/shar
e/texlive/texmf-dist/fonts/type1/public/amsfonts/cm/cmbx8.pfb></usr/share/texli
ve/texmf-dist/fonts/type1/public/amsfonts/cm/cmbx9.pfb></usr/share/texlive/texm
f-dist/fonts/type1/public/amsfonts/cm/cmcsc10.pfb></usr/share/texlive/texmf-dis
t/fonts/type1/public/amsfonts/cm/cmex10.pfb></usr/share/texlive/texmf-dist/font
s/type1/public/amsfonts/cmextra/cmex8.pfb></usr/share/texlive/texmf-dist/fonts/
type1/public/amsfonts/cm/cmmi10.pfb></usr/share/texlive/texmf-dist/fonts/type1/
public/amsfonts/cm/cmmi7.pfb></usr/share/texlive/texmf-dist/fonts/type1/public/
amsfonts/cm/cmmi8.pfb></usr/share/texlive/texmf-dist/fonts/type1/public/amsfont
s/cm/cmmi9.pfb></usr/share/texlive/texmf-dist/fonts/type1/public/amsfonts/cm/cm
r10.pfb></usr/share/texlive/texmf-dist/fonts/type1/public/amsfonts/cm/cmr6.pfb>
</usr/share/texlive/texmf-dist/fonts/type1/public/amsfonts/cm/cmr7.pfb></usr/sh
are/texlive/texmf-dist/fonts/type1/public/amsfonts/cm/cmr8.pfb></usr/share/texl
ive/texmf-dist/fonts/type1/public/amsfonts/cm/cmr9.pfb></usr/share/texlive/texm
f-dist/fonts/type1/public/amsfonts/cm/cmsy10.pfb></usr/share/texlive/texmf-dist
/fonts/type1/public/amsfonts/cm/cmsy6.pfb></usr/share/texlive/texmf-dist/fonts/
type1/public/amsfonts/cm/cmsy7.pfb></usr/share/texlive/texmf-dist/fonts/type1/p
ublic/amsfonts/cm/cmsy8.pfb></usr/share/texlive/texmf-dist/fonts/type1/public/a
msfonts/cm/cmsy9.pfb></usr/share/texlive/texmf-dist/fonts/type1/public/amsfonts
/cm/cmti10.pfb></usr/share/texlive/texmf-dist/fonts/type1/public/amsfonts/cm/cm
ti8.pfb></usr/share/texlive/texmf-dist/fonts/type1/public/amsfonts/cm/cmtt10.pf
b></usr/share/texlive/texmf-dist/fonts/type1/public/amsfonts/cm/cmtt9.pfb></usr
/share/texlive/texmf-dist/fonts/type1/public/amsfonts/symbols/msam10.pfb>
Output written on CE_accretors.pdf (9 pages, 319255 bytes).
PDF statistics:
 186 PDF objects out of 1000 (max. 8388607)
 147 compressed objects within 2 object streams
 31 named destinations out of 1000 (max. 500000)
 1 words of extra memory for PDF output out of 10000 (max. 10000000)

